2026-02-07T12:28:43.442+05:30  INFO 22884 --- [MyLibraryManagementPlatform] [restartedMain] M.MyLibraryManagementPlatformApplication : Starting MyLibraryManagementPlatformApplication using Java 23.0.1 with PID 22884 (D:\MyLibrary Project\MyLibraryManagementPlatform_v6_WithExceptionHandling\target\classes started by kumar in D:\MyLibrary Project\MyLibraryManagementPlatform_v6_WithExceptionHandling)
2026-02-07T12:28:43.442+05:30  INFO 22884 --- [MyLibraryManagementPlatform] [restartedMain] M.MyLibraryManagementPlatformApplication : No active profile set, falling back to 1 default profile: "default"
2026-02-07T12:28:43.530+05:30  INFO 22884 --- [MyLibraryManagementPlatform] [restartedMain] .e.DevToolsPropertyDefaultsPostProcessor : Devtools property defaults active! Set 'spring.devtools.add-properties' to 'false' to disable
2026-02-07T12:28:43.536+05:30  INFO 22884 --- [MyLibraryManagementPlatform] [restartedMain] .e.DevToolsPropertyDefaultsPostProcessor : For additional web related logging consider setting the 'logging.level.web' property to 'DEBUG'
2026-02-07T12:28:44.817+05:30  INFO 22884 --- [MyLibraryManagementPlatform] [restartedMain] .s.d.r.c.RepositoryConfigurationDelegate : Bootstrapping Spring Data JPA repositories in DEFAULT mode.
2026-02-07T12:28:44.896+05:30  INFO 22884 --- [MyLibraryManagementPlatform] [restartedMain] .s.d.r.c.RepositoryConfigurationDelegate : Finished Spring Data repository scanning in 63 ms. Found 3 JPA repository interfaces.
2026-02-07T12:28:45.954+05:30  INFO 22884 --- [MyLibraryManagementPlatform] [restartedMain] o.s.boot.tomcat.TomcatWebServer          : Tomcat initialized with port 8080 (http)
2026-02-07T12:28:45.972+05:30  INFO 22884 --- [MyLibraryManagementPlatform] [restartedMain] o.apache.catalina.core.StandardService   : Starting service [Tomcat]
2026-02-07T12:28:45.972+05:30  INFO 22884 --- [MyLibraryManagementPlatform] [restartedMain] o.apache.catalina.core.StandardEngine    : Starting Servlet engine: [Apache Tomcat/11.0.15]
2026-02-07T12:28:46.047+05:30  INFO 22884 --- [MyLibraryManagementPlatform] [restartedMain] b.w.c.s.WebApplicationContextInitializer : Root WebApplicationContext: initialization completed in 2511 ms
2026-02-07T12:28:46.504+05:30  INFO 22884 --- [MyLibraryManagementPlatform] [restartedMain] org.hibernate.orm.jpa                    : HHH008540: Processing PersistenceUnitInfo [name: default]
2026-02-07T12:28:46.568+05:30  INFO 22884 --- [MyLibraryManagementPlatform] [restartedMain] org.hibernate.orm.core                   : HHH000001: Hibernate ORM core version 7.2.0.Final
2026-02-07T12:28:47.076+05:30  INFO 22884 --- [MyLibraryManagementPlatform] [restartedMain] o.s.o.j.p.SpringPersistenceUnitInfo      : No LoadTimeWeaver setup: ignoring JPA class transformer
2026-02-07T12:28:47.091+05:30  INFO 22884 --- [MyLibraryManagementPlatform] [restartedMain] com.zaxxer.hikari.HikariDataSource       : HikariPool-1 - Starting...
2026-02-07T12:28:47.266+05:30  INFO 22884 --- [MyLibraryManagementPlatform] [restartedMain] com.zaxxer.hikari.pool.HikariPool        : HikariPool-1 - Added connection org.postgresql.jdbc.PgConnection@28b3d430
2026-02-07T12:28:47.266+05:30  INFO 22884 --- [MyLibraryManagementPlatform] [restartedMain] com.zaxxer.hikari.HikariDataSource       : HikariPool-1 - Start completed.
2026-02-07T12:28:47.346+05:30  INFO 22884 --- [MyLibraryManagementPlatform] [restartedMain] org.hibernate.orm.connections.pooling    : HHH10001005: Database info:
	Database JDBC URL [jdbc:postgresql://localhost:5432/Z_MyLibraryManagementPlatformDB]
	Database driver: PostgreSQL JDBC Driver
	Database dialect: PostgreSQLDialect
	Database version: 18.0
	Default catalog/schema: Z_MyLibraryManagementPlatformDB/public
	Autocommit mode: undefined/unknown
	Isolation level: READ_COMMITTED [default READ_COMMITTED]
	JDBC fetch size: none
	Pool: DataSourceConnectionProvider
	Minimum pool size: undefined/unknown
	Maximum pool size: undefined/unknown
2026-02-07T12:28:48.330+05:30  INFO 22884 --- [MyLibraryManagementPlatform] [restartedMain] org.hibernate.orm.core                   : HHH000489: No JTA platform available (set 'hibernate.transaction.jta.platform' to enable JTA platform integration)
2026-02-07T12:28:48.411+05:30  INFO 22884 --- [MyLibraryManagementPlatform] [restartedMain] j.LocalContainerEntityManagerFactoryBean : Initialized JPA EntityManagerFactory for persistence unit 'default'
2026-02-07T12:28:48.522+05:30  INFO 22884 --- [MyLibraryManagementPlatform] [restartedMain] o.s.d.j.r.query.QueryEnhancerFactories   : Hibernate is in classpath; If applicable, HQL parser will be used.
2026-02-07T12:28:48.838+05:30  INFO 22884 --- [MyLibraryManagementPlatform] [restartedMain] r$InitializeUserDetailsManagerConfigurer : Global AuthenticationManager configured with UserDetailsService bean with name myLibraryDetailsService
2026-02-07T12:28:48.917+05:30  WARN 22884 --- [MyLibraryManagementPlatform] [restartedMain] JpaBaseConfiguration$JpaWebConfiguration : spring.jpa.open-in-view is enabled by default. Therefore, database queries may be performed during view rendering. Explicitly configure spring.jpa.open-in-view to disable this warning
2026-02-07T12:28:49.235+05:30  INFO 22884 --- [MyLibraryManagementPlatform] [restartedMain] o.s.v.b.OptionalValidatorFactoryBean     : Failed to set up a Bean Validation provider: jakarta.validation.NoProviderFoundException: Unable to create a Configuration, because no Jakarta Validation provider could be found. Add a provider like Hibernate Validator (RI) to your classpath.
2026-02-07T12:28:49.886+05:30  INFO 22884 --- [MyLibraryManagementPlatform] [restartedMain] o.s.b.a.e.web.EndpointLinksResolver      : Exposing 13 endpoints beneath base path '/management'
2026-02-07T12:28:49.991+05:30  INFO 22884 --- [MyLibraryManagementPlatform] [restartedMain] o.s.boot.tomcat.TomcatWebServer          : Tomcat started on port 8080 (http) with context path '/'
2026-02-07T12:28:49.991+05:30  INFO 22884 --- [MyLibraryManagementPlatform] [restartedMain] M.MyLibraryManagementPlatformApplication : Started MyLibraryManagementPlatformApplication in 7.085 seconds (process running for 7.757)
2026-02-07T12:33:05.768+05:30  INFO 22884 --- [MyLibraryManagementPlatform] [SpringApplicationShutdownHook] o.s.boot.tomcat.GracefulShutdown         : Commencing graceful shutdown. Waiting for active requests to complete
2026-02-07T12:33:05.784+05:30  INFO 22884 --- [MyLibraryManagementPlatform] [tomcat-shutdown] o.s.boot.tomcat.GracefulShutdown         : Graceful shutdown complete
2026-02-07T12:33:05.800+05:30  INFO 22884 --- [MyLibraryManagementPlatform] [SpringApplicationShutdownHook] j.LocalContainerEntityManagerFactoryBean : Closing JPA EntityManagerFactory for persistence unit 'default'
2026-02-07T12:33:05.805+05:30  INFO 22884 --- [MyLibraryManagementPlatform] [SpringApplicationShutdownHook] com.zaxxer.hikari.HikariDataSource       : HikariPool-1 - Shutdown initiated...
2026-02-07T12:33:05.813+05:30  INFO 22884 --- [MyLibraryManagementPlatform] [SpringApplicationShutdownHook] com.zaxxer.hikari.HikariDataSource       : HikariPool-1 - Shutdown completed.
